<?xml version="1.0" encoding="UTF-8"?>
<testsuites name="Mocha Tests" time="61.3860" tests="1" failures="1">
  <testsuite name="Root Suite" timestamp="2023-04-19T09:05:44" tests="0" file="cypress/e2e/UF-001-create-app-delete-app.spec.ts" time="0.0000" failures="0">
  </testsuite>
  <testsuite name="Create new app and delete the appWed Apr 19 2023 14:35:44 GMT+0530 (India Standard Time)" timestamp="2023-04-19T09:05:44" tests="1" time="61.3780" failures="1">
    <testcase name="Create new app and delete the appWed Apr 19 2023 14:35:44 GMT+0530 (India Standard Time) UF001: Create the app and delete the app" time="0.0000" classname="UF001: Create the app and delete the app">
      <failure message="Timed out retrying after 30000ms: Expected to find element: `[placeholder=&quot;Search apps&quot;]`, but never found it." type="AssertionError"><![CDATA[AssertionError: Timed out retrying after 30000ms: Expected to find element: `[placeholder="Search apps"]`, but never found it.
    at Context.eval (webpack:///./cypress/support/commands-object-actions.ts:122:28)]]></failure>
    </testcase>
  </testsuite>
</testsuites>